make all --print-data-base --no-builtin-variables --no-builtin-rules --question
# GNU Make 4.3
# Built for x86_64-redhat-linux-gnu
# Copyright (C) 1988-2020 Free Software Foundation, Inc.
# License GPLv3+: GNU GPL version 3 or later <http://gnu.org/licenses/gpl.html>
# This is free software: you are free to change and redistribute it.
# There is NO WARRANTY, to the extent permitted by law.
 

# Make data base, printed on Thu May  5 23:31:08 2022

# Variables

# makefile (from 'Makefile', line 18)
OBJ = $(SRC:$(SRCDIR)/%$(EXT)=$(OBJDIR)/%.o)
# environment
GDK_BACKEND = x11
# environment
LC_ALL = C
# environment
NO_AT_BRIDGE = 1
# makefile (from 'Makefile', line 17)
SRC = $(wildcard $(SRCDIR)/*$(EXT))
# makefile (from 'Makefile', line 12)
EXT = .cpp
# makefile (from 'Makefile', line 26)
WDELOBJ = $(SRC:$(SRCDIR)/%$(EXT)=$(OBJDIR)\\%.o)
# makefile (from 'Makefile', line 14)
OBJDIR = obj
# environment
GJS_DEBUG_OUTPUT = stderr
# environment
VSCODE_IPC_HOOK_EXTHOST = /run/user/1000/vscode-ipc-36c91f8e-69b2-4a38-b6c2-1fdc8fe27e76.sock
# environment
VSCODE_CWD = /home/joaopedroandrade
# makefile (from 'Makefile', line 22)
DELOBJ = $(OBJ)
# environment
GDM_LANG = pt_BR.UTF-8
# default
MAKE_COMMAND := make
# environment
define BASH_FUNC_which%%
() {  ( alias;
 eval ${which_declare} ) | /usr/bin/which --tty-only --read-alias --read-functions --show-tilde --show-dot $@
}
endef
# automatic
@D = $(patsubst %/,%,$(dir $@))
# environment
VSCODE_HANDLES_UNCAUGHT_ERRORS = true
# default
.VARIABLES := 
# environment
PWD = /home/joaopedroandrade/Documentos/projetos/SimpleList
# automatic
%D = $(patsubst %/,%,$(dir $%))
# environment
HOSTNAME = fedora
# environment
MAIL = /var/spool/mail/joaopedroandrade
# environment
STEAM_FRAME_FORCE_CLOSE = 1
# environment
XDG_DATA_DIRS = /home/joaopedroandrade/.local/share/flatpak/exports/share:/var/lib/flatpak/exports/share:/usr/local/share/:/usr/share/:/var/lib/snapd/desktop
# automatic
^D = $(patsubst %/,%,$(dir $^))
# environment
VSCODE_LOG_STACK = false
# automatic
%F = $(notdir $%)
# environment
VSCODE_CODE_CACHE_PATH = /home/joaopedroandrade/.config/Code/CachedData/57fd6d0195bb9b9d1b49f6da5db789060795de47
# environment
LANG = C
# environment
XAUTHORITY = /run/user/1000/.mutter-Xwaylandauth.J74KL1
# default
.LOADED := 
# default
.INCLUDE_DIRS = /usr/include /usr/local/include /usr/include
# makefile
MAKEFLAGS = pqrR
# makefile (from 'Makefile', line 19)
DEP = $(OBJ:$(OBJDIR)/%.o=%.d)
# makefile
CURDIR := /home/joaopedroandrade/Documentos/projetos/SimpleList
# environment
VSCODE_PIPE_LOGGING = true
# environment
APPLICATION_INSIGHTS_NO_DIAGNOSTIC_CHANNEL = true
# environment
LESSOPEN = ||/usr/bin/lesspipe.sh %s
# automatic
*D = $(patsubst %/,%,$(dir $*))
# environment
MFLAGS = -pqrR
# environment
SSH_AUTH_SOCK = /run/user/1000/keyring/ssh
# default
.SHELLFLAGS := -c
# environment
WAYLAND_DISPLAY = wayland-0
# environment
HISTSIZE = 1000
# automatic
+D = $(patsubst %/,%,$(dir $+))
# environment
XDG_SESSION_DESKTOP = gnome
# makefile (from 'main.d', line 1)
MAKEFILE_LIST := Makefile database.d list.d main.d
# automatic
@F = $(notdir $@)
# environment
VSCODE_VERBOSE_LOGGING = true
# environment
VSCODE_PID = 9061
# environment
SDL_VIDEO_MINIMIZE_ON_FOCUS_LOSS = 0
# environment
XDG_SESSION_TYPE = wayland
# makefile (from 'Makefile', line 11)
APPNAME = SimpleList
# automatic
?D = $(patsubst %/,%,$(dir $?))
# environment
SESSION_MANAGER = local/unix:@/tmp/.ICE-unix/3609,unix/unix:/tmp/.ICE-unix/3609
# automatic
*F = $(notdir $*)
# environment
CHROME_DESKTOP = code-url-handler.desktop
# environment
DBUS_SESSION_BUS_ADDRESS = unix:path=/run/user/1000/bus
# automatic
<D = $(patsubst %/,%,$(dir $<))
# environment
VSCODE_NLS_CONFIG = {"locale":"pt-br","availableLanguages":{},"_languagePackSupport":true}
# default
MAKE_HOST := x86_64-redhat-linux-gnu
# makefile
SHELL = /bin/sh
# default
MAKECMDGOALS := all
# environment
XMODIFIERS = @im=ibus
# environment
GJS_DEBUG_TOPICS = JS ERROR;JS LOG
# environment
SHLVL = 0
# environment
MAKELEVEL := 0
# default
MAKE = $(MAKE_COMMAND)
# environment
PATH = /home/joaopedroandrade/.local/bin:/home/joaopedroandrade/bin:/usr/lib64/ccache:/usr/local/bin:/usr/local/sbin:/usr/bin:/usr/sbin:/var/lib/snapd/snap/bin
# environment
MOZ_GMP_PATH = /usr/lib64/mozilla/plugins/gmp-gmpopenh264/system-installed
# default
MAKEFILES := 
# automatic
^F = $(notdir $^)
# environment
INVOCATION_ID = 30ccfce05749429a944c47e061b42114
# environment
VSCODE_LOG_NATIVE = false
# environment
USERNAME = joaopedroandrade
# environment
GNOME_SETUP_DISPLAY = :1
# automatic
?F = $(notdir $?)
# environment
XDG_CURRENT_DESKTOP = GNOME
# environment
KDEDIRS = /usr
# automatic
+F = $(notdir $+)
# environment
DESKTOP_SESSION = gnome
# environment
ORIGINAL_XDG_CURRENT_DESKTOP = GNOME
# 'override' directive
GNUMAKEFLAGS := 
# environment
LOGNAME = joaopedroandrade
# environment
GIO_LAUNCHED_DESKTOP_FILE = /usr/share/applications/code.desktop
# makefile (from 'Makefile', line 25)
EXE = .exe
# makefile
.DEFAULT_GOAL := all
# environment
SYSTEMD_EXEC_PID = 3666
# makefile (from 'Makefile', line 21)
RM = rm
# environment
HISTCONTROL = ignoredups
# environment
EDITOR = /usr/bin/nano
# environment
DISPLAY = :0
# environment
USER = joaopedroandrade
# default
MAKE_VERSION := 4.3
# makefile (from 'Makefile', line 8)
LDFLAGS = 
# environment
MANAGERPID = 3484
# makefile (from 'Makefile', line 24)
DEL = del
# environment
which_declare = declare -f
# environment
DEBUGINFOD_URLS = https://debuginfod.fedoraproject.org/ 
# environment
GIO_LAUNCHED_DESKTOP_FILE_PID = 9061
# environment
_ = /usr/bin/make
# environment
XDG_RUNTIME_DIR = /run/user/1000
# environment
JOURNAL_STREAM = 8:28600
# environment
XDG_SESSION_CLASS = user
# environment
VSCODE_AMD_ENTRYPOINT = vs/workbench/api/node/extensionHostProcess
# environment
HOME = /home/joaopedroandrade
# environment
QT_IM_MODULE = ibus
# environment
ELECTRON_RUN_AS_NODE = 1
# environment
VSCODE_IPC_HOOK = /run/user/1000/vscode-5e3899a5-1.67.0-main.sock
# makefile (from 'Makefile', line 13)
SRCDIR = src
# default
.RECIPEPREFIX := 
# automatic
 
<F = $(notdir $<)
# default
SUFFIXES := 
# makefile (from 'Makefile', line 7)
CXXFLAGS = -std=c++11 -Wall
# default
.FEATURES := target-specific order-only second-expansion else-if shortest-stem undefine oneshell nocomment grouped-target extra-prereqs archives jobserver output-sync check-symlink guile load
# makefile (from 'Makefile', line 6)
CC = g++
# environment
XDG_MENU_PREFIX = gnome-
# environment
GDMSESSION = gnome
# variable set hash-table stats:
# Load=118/1024=12%, Rehash=0, Collisions=11/182=6%

# Pattern-specific Variable Values

# No pattern-specific variable values.

# Directories

# src (device 39, inode 579529): 6 files, no impossibilities.
# . (device 39, inode 579028): 11 files, no impossibilities.

# 17 files, no impossibilities in 2 directories.

# Implicit Rules

%.d: src/%.cpp
#  recipe to execute (from 'Makefile', line 40):
	@$(CPP) $(CFLAGS) $< -MM -MT $(@:%.d=$(OBJDIR)/%.o) >$@

obj/%.o: src/%.cpp
#  recipe to execute (from 'Makefile', line 47):
	$(CC) $(CXXFLAGS) -o $@ -c $<

# 2 implicit rules, 0 (0.0%) terminal.
# Files

cleandepw:
#  Phony target (prerequisite of .PHONY).
#  Implicit rule search has not been done.
#  File does not exist.
#  File has not been updated.
#  recipe to execute (from 'Makefile', line 69):
	$(DEL) $(DEP)

obj/main.o: src/main.cpp src/include/list.h src/include/database.h
#  Implicit rule search has not been done.
#  Modification time never checked.
#  File has not been updated.

list.d: src/list.cpp
#  Implicit rule search has been done.
#  Implicit/static pattern stem: 'list'
#  Last modified 2022-05-05 23:31:08.278980637
#  File has been updated.
#  Successfully updated.
#  recipe to execute (from 'Makefile', line 40):
	@$(CPP) $(CFLAGS) $< -MM -MT $(@:%.d=$(OBJDIR)/%.o) >$@

cleandep:
#  Phony target (prerequisite of .PHONY).
#  Implicit rule search has not been done.
#  File does not exist.
#  File has not been updated.
#  recipe to execute (from 'Makefile', line 58):
	$(RM) $(DEP)

# Not a target:
Makefile:
#  Implicit rule search has been done.
#  Last modified 2022-05-05 23:21:49.630296188
#  File has been updated.
#  Successfully updated.

# Not a target:
src/main.cpp:
#  Implicit rule search has been done.
#  Last modified 2022-05-05 23:24:01.710268415
#  File has been updated.
#  Successfully updated.

clean:
#  Phony target (prerequisite of .PHONY).
#  Implicit rule search has not been done.
#  File does not exist.
#  File has not been updated.
#  recipe to execute (from 'Makefile', line 53):
	$(RM) $(DELOBJ) $(DEP) $(APPNAME)

# Not a target:
src/include/list.h:
#  Implicit rule search has been done.
#  Last modified 2022-05-05 23:24:16.213156636
#  File has been updated.
#  Successfully updated.

obj/database.o: src/database.cpp src/database.cpp src/include/database.h
#  Implicit rule search has been done.
#  Implicit/static pattern stem: 'database'
#  Last modified 2022-05-05 23:22:25.089016633
#  File has been updated.
#  Successfully updated.
#  recipe to execute (from 'Makefile', line 47):
	$(CC) $(CXXFLAGS) -o $@ -c $<

SimpleList: obj/database.o obj/list.o obj/main.o
#  Implicit rule search has not been done.
#  Last modified 2022-05-05 23:22:25.966009719
#  File has been updated.
#  Needs to be updated (-q is set).
# variable set hash-table stats:
 
# Load=0/32=0%, Rehash=0, Collisions=0/5=0%
#  recipe to execute (from 'Makefile', line 36):
	$(CC) $(CXXFLAGS) -o $@ $^ $(LDFLAGS)

database.d: src/database.cpp
#  Implicit rule search has been done.
#  Implicit/static pattern stem: 'database'
#  Last modified 2022-05-05 23:31:08.326980267
#  File has been updated.
#  Successfully updated.
#  recipe to execute (from 'Makefile', line 40):
	@$(CPP) $(CFLAGS) $< -MM -MT $(@:%.d=$(OBJDIR)/%.o) >$@

obj/list.o: src/list.cpp src/list.cpp src/include/list.h
#  Implicit rule search has been done.
#  Implicit/static pattern stem: 'list'
#  Last modified 2022-05-05 23:22:25.09701657
#  File has been updated.
#  Needs to be updated (-q is set).
# automatic
# @ := obj/list.o
# automatic
# * := list
# automatic
# < := src/list.cpp
# automatic
# + := src/list.cpp src/list.cpp src/include/list.h
# automatic
# % := 
# automatic
# ^ := src/list.cpp src/include/list.h
# automatic
# ? := src/include/list.h
# automatic
# | := 
# variable set hash-table stats:
# Load=8/32=25%, Rehash=0, Collisions=2/15=13%
#  recipe to execute (from 'Makefile', line 47):
	$(CC) $(CXXFLAGS) -o $@ -c $<

# Not a target:
.DEFAULT:
#  Implicit rule search has not been done.
#  Modification time never checked.
#  File has not been updated.

all: SimpleList
#  Command line target.
#  Implicit rule search has been done.
#  File does not exist.
#  File has been updated.
#  Needs to be updated (-q is set).
# variable set hash-table stats:
# Load=0/32=0%, Rehash=0, Collisions=0/5=0%

# Not a target:
src/list.cpp:
#  Implicit rule search has been done.
#  Last modified 2022-05-05 23:19:21.954460492
#  File has been updated.
#  Successfully updated.

# Not a target:
src/include/database.h:
#  Implicit rule search has been done.
#  Last modified 2022-05-05 23:20:28.202938189
#  File has been updated.
#  Successfully updated.

cleanw:
#  Phony target (prerequisite of .PHONY).
#  Implicit rule search has not been done.
#  File does not exist.
#  File has not been updated.
#  recipe to execute (from 'Makefile', line 64):
	$(DEL) $(WDELOBJ) $(DEP) $(APPNAME)$(EXE)

main.d: src/main.cpp
#  Implicit rule search has been done.
#  Implicit/static pattern stem: 'main'
#  Last modified 2022-05-05 23:31:08.229981014
#  File has been updated.
#  Successfully updated.
#  recipe to execute (from 'Makefile', line 40):
	@$(CPP) $(CFLAGS) $< -MM -MT $(@:%.d=$(OBJDIR)/%.o) >$@

# Not a target:
src/database.cpp:
#  Implicit rule search has been done.
#  Last modified 2022-05-05 23:19:55.493196069
#  File has been updated.
#  Successfully updated.

.PHONY: clean cleandep cleanw cleandepw
#  Implicit rule search has not been done.
#  Modification time never checked.
#  File has not been updated.

# files hash-table stats:
# Load=21/1024=2%, Rehash=0, Collisions=0/74=0%
# VPATH Search Paths

# No 'vpath' search paths.

# No general ('VPATH' variable) search path.

# strcache buffers: 1 (0) / strings = 39 / storage = 367 B / avg = 9 B
# current buf: size = 8162 B / used = 367 B / count = 39 / avg = 9 B

# strcache performance: lookups = 93 / hit rate = 58%
# hash-table stats:
# Load=39/8192=0%, Rehash=0, Collisions=0/93=0%
# Finished Make data base on Thu May  5 23:31:08 2022

 
